[5590][1565877934631][shared][info]["EventBus~initialize - Success"]
[5590][1565877934634][shared][info]["Messaging~boot - Success"]
[5590][1565877934641][shared][info]["bootCrashReporter~ Success"]
[5590][1565877934643][shared][info]["Telemetry~boot - Success"]
[5590][1565877934643][shared][info]["bootConfigurations~initialize - Success"]
[5590][1565877934648][shared][info]["Settings~boot - Success"]
[5590][1565877934648][shared][info]["Migrations: Starting migrations"]
[5590][1565877934649][shared][info]["Migrations: Walking migration","0000_initial"]
[5590][1565877934649][shared][info]["Migrations: Walking migration","0001_add_archived_resources_table"]
[5590][1565877934649][shared][info]["Migrations: Walking migration","0002_add_variable_sessions_table"]
[5590][1565877934649][shared][info]["Migrations: Walking migration","0003_add_editor_tables"]
[5590][1565877934649][shared][info]["Migrations: Walking migration","0004_migrate_ws_session_data"]
[5590][1565877934649][shared][info]["Migrations: Walking migration","0005_cleanup_request_response_and_history_body"]
[5590][1565877934649][shared][info]["Migrations: Walking migration","0006_add_dbp_to_request_response_and_history"]
[5590][1565877934650][shared][info]["Migrations: Walking migration","0007_add_sync_client_buckets_by_order_id_table"]
[5590][1565877934650][shared][info]["Migrations: Walking migration","0008_migrate_to_sync_client_buckets_by_order_id"]
[5590][1565877934650][shared][info]["Migrations: Walking migration","0009_remove_sync_client_buckets_table"]
[5590][1565877934650][shared][info]["Migrations: Walking migration","0010_add_history_owner"]
[5590][1565877934650][shared][info]["Migrations: Walking migration","0011_add_history_response_table"]
[5590][1565877934650][shared][info]["Migrations: Walking migration","0012_add_user_data_table"]
[5590][1565877934650][shared][info]["Migrations: Walking migration","0013_sanitize_request_response_and_history_methods"]
[5590][1565877934650][shared][info]["Migrations: Walking migration","0014_sanitize_response_requestobject_rawmodedata"]
[5590][1565877934651][shared][info]["Migrations: Walking migration","0015_add_favorited_collections_table"]
[5590][1565877934651][shared][info]["Migrations: Walking migration","0016_add_permission_table"]
[5590][1565877934651][shared][info]["Migrations: Walking migration","0017_add_user_preferences_table"]
[5590][1565877934651][shared][info]["Migrations: Walking migration","0018_index_header_presets"]
[5590][1565877934651][shared][info]["Migrations: Walking migration","0019_migrate_favorite_collections_data"]
[5590][1565877934652][shared][info]["Migrations: Walking migration","0020_migrate_sync_client_revision"]
[5590][1565877934652][shared][info]["Migrations: Walking migration","0021_clear_permissions"]
[5590][1565877934652][shared][info]["Migrations: Walking migration","0022_add_workspace_header_presets"]
[5590][1565877934652][shared][info]["Migrations: Walking migration","0023_remove_collection_permissions_and_shared"]
[5590][1565877934653][shared][info]["Migrations: Starting migration","0000_initial"]
[5590][1565877934653][shared][info]["Migrations: Setting context before starting migration","0000_initial",{"0000_initial":"started"}]
[5590][1565877934653][shared][info]["Migrations: Applying migration","0000_initial"]
[5590][1565877934653][shared][info]["Migrations: Upgrading IndexedDB to version","0000_initial",1]
[5590][1565877934654][shared][info]["Migrations: Adding pending commit to queue","0000_initial"]
[5590][1565877934654][shared][info]["Migrations: Starting migration","0001_add_archived_resources_table"]
[5590][1565877934654][shared][info]["Migrations: Setting context before starting migration","0001_add_archived_resources_table",{"0000_initial":"started","0001_add_archived_resources_table":"started"}]
[5590][1565877934655][shared][info]["Migrations: Applying migration","0001_add_archived_resources_table"]
[5590][1565877934655][shared][info]["Migrations: Upgrading IndexedDB to version","0001_add_archived_resources_table",2]
[5590][1565877934655][shared][info]["Migrations: Adding pending commit to queue","0001_add_archived_resources_table"]
[5590][1565877934656][shared][info]["Migrations: Starting migration","0002_add_variable_sessions_table"]
[5590][1565877934656][shared][info]["Migrations: Setting context before starting migration","0002_add_variable_sessions_table",{"0000_initial":"started","0001_add_archived_resources_table":"started","0002_add_variable_sessions_table":"started"}]
[5590][1565877934656][shared][info]["Migrations: Applying migration","0002_add_variable_sessions_table"]
[5590][1565877934656][shared][info]["Migrations: Upgrading IndexedDB to version","0002_add_variable_sessions_table",3]
[5590][1565877934656][shared][info]["Migrations: Adding pending commit to queue","0002_add_variable_sessions_table"]
[5590][1565877934656][shared][info]["Migrations: Starting migration","0003_add_editor_tables"]
[5590][1565877934656][shared][info]["Migrations: Setting context before starting migration","0003_add_editor_tables",{"0000_initial":"started","0001_add_archived_resources_table":"started","0002_add_variable_sessions_table":"started","0003_add_editor_tables":"started"}]
[5590][1565877934656][shared][info]["Migrations: Applying migration","0003_add_editor_tables"]
[5590][1565877934656][shared][info]["Migrations: Upgrading IndexedDB to version","0003_add_editor_tables",4]
[5590][1565877934657][shared][info]["Migrations: Adding pending commit to queue","0003_add_editor_tables"]
[5590][1565877934657][shared][info]["Migrations: Starting migration","0004_migrate_ws_session_data"]
[5590][1565877934657][shared][info]["Migrations: Flushing pending migrations for","0004_migrate_ws_session_data"]
[5590][1565877934657][shared][info]["Migrations: Flushing pending commit for type","IndexeddbSchemaMigration"]
[5590][1565877934657][shared][info]["Migrations: Committing IndexedDB upgrade"]
[5590][1565877934704][shared][info]["Migrations: Updating status in migration context",{"0000_initial":"started","0001_add_archived_resources_table":"started","0002_add_variable_sessions_table":"started","0003_add_editor_tables":"started"}]
[5590][1565877934705][shared][info]["Migrations: Updated status in migration context",{"0000_initial":"finished","0001_add_archived_resources_table":"finished","0002_add_variable_sessions_table":"finished","0003_add_editor_tables":"finished"}]
[5590][1565877934705][shared][info]["Migrations: Setting context before starting migration","0004_migrate_ws_session_data",{"0000_initial":"finished","0001_add_archived_resources_table":"finished","0002_add_variable_sessions_table":"finished","0003_add_editor_tables":"finished","0004_migrate_ws_session_data":"started"}]
[5590][1565877934705][shared][info]["Migrations: Applying migration","0004_migrate_ws_session_data"]
[5590][1565877934705][shared][info]["Migrations: Processing IndexedDB data migration","0004_migrate_ws_session_data"]
[5590][1565877934706][shared][info]["Migration~Tabs: Starting migration"]
[5590][1565877934709][shared][info]["Migration~Tabs: Completed transformation"]
[5590][1565877934709][shared][info]["Migration~Tabs: Creating editors"]
[5590][1565877934711][shared][info]["Migration~Tabs: Creating editor models"]
[5590][1565877934712][shared][info]["Migrations: Saving migration context after completion","0004_migrate_ws_session_data",{"0000_initial":"finished","0001_add_archived_resources_table":"finished","0002_add_variable_sessions_table":"finished","0003_add_editor_tables":"finished","0004_migrate_ws_session_data":"started"}]
[5590][1565877934713][shared][info]["Migrations: Starting migration","0005_cleanup_request_response_and_history_body"]
[5590][1565877934713][shared][info]["Migrations: Flushing pending migrations for","0005_cleanup_request_response_and_history_body"]
[5590][1565877934713][shared][info]["Migrations: Updating status in migration context",{"0000_initial":"finished","0001_add_archived_resources_table":"finished","0002_add_variable_sessions_table":"finished","0003_add_editor_tables":"finished","0004_migrate_ws_session_data":"finished"}]
[5590][1565877934713][shared][info]["Migrations: Updated status in migration context",{"0000_initial":"finished","0001_add_archived_resources_table":"finished","0002_add_variable_sessions_table":"finished","0003_add_editor_tables":"finished","0004_migrate_ws_session_data":"finished"}]
[5590][1565877934713][shared][info]["Migrations: Setting context before starting migration","0005_cleanup_request_response_and_history_body",{"0000_initial":"finished","0001_add_archived_resources_table":"finished","0002_add_variable_sessions_table":"finished","0003_add_editor_tables":"finished","0004_migrate_ws_session_data":"finished","0005_cleanup_request_response_and_history_body":"started"}]
[5590][1565877934714][shared][info]["Migrations: Applying migration","0005_cleanup_request_response_and_history_body"]
[5590][1565877934714][shared][info]["Migrations: Processing IndexedDB data migration","0005_cleanup_request_response_and_history_body"]
[5590][1565877934717][shared][info]["Migrations: Saving migration context after completion","0005_cleanup_request_response_and_history_body",{"0000_initial":"finished","0001_add_archived_resources_table":"finished","0002_add_variable_sessions_table":"finished","0003_add_editor_tables":"finished","0004_migrate_ws_session_data":"finished","0005_cleanup_request_response_and_history_body":"started"}]
[5590][1565877934718][shared][info]["Migrations: Starting migration","0006_add_dbp_to_request_response_and_history"]
[5590][1565877934718][shared][info]["Migrations: Flushing pending migrations for","0006_add_dbp_to_request_response_and_history"]
[5590][1565877934718][shared][info]["Migrations: Updating status in migration context",{"0000_initial":"finished","0001_add_archived_resources_table":"finished","0002_add_variable_sessions_table":"finished","0003_add_editor_tables":"finished","0004_migrate_ws_session_data":"finished","0005_cleanup_request_response_and_history_body":"finished"}]
[5590][1565877934718][shared][info]["Migrations: Updated status in migration context",{"0000_initial":"finished","0001_add_archived_resources_table":"finished","0002_add_variable_sessions_table":"finished","0003_add_editor_tables":"finished","0004_migrate_ws_session_data":"finished","0005_cleanup_request_response_and_history_body":"finished"}]
[5590][1565877934718][shared][info]["Migrations: Setting context before starting migration","0006_add_dbp_to_request_response_and_history",{"0000_initial":"finished","0001_add_archived_resources_table":"finished","0002_add_variable_sessions_table":"finished","0003_add_editor_tables":"finished","0004_migrate_ws_session_data":"finished","0005_cleanup_request_response_and_history_body":"finished","0006_add_dbp_to_request_response_and_history":"started"}]
[5590][1565877934718][shared][info]["Migrations: Applying migration","0006_add_dbp_to_request_response_and_history"]
[5590][1565877934718][shared][info]["Migrations: Processing IndexedDB data migration","0006_add_dbp_to_request_response_and_history"]
[5590][1565877934722][shared][info]["Migrations: Saving migration context after completion","0006_add_dbp_to_request_response_and_history",{"0000_initial":"finished","0001_add_archived_resources_table":"finished","0002_add_variable_sessions_table":"finished","0003_add_editor_tables":"finished","0004_migrate_ws_session_data":"finished","0005_cleanup_request_response_and_history_body":"finished","0006_add_dbp_to_request_response_and_history":"started"}]
[5590][1565877934722][shared][info]["Migrations: Starting migration","0007_add_sync_client_buckets_by_order_id_table"]
[5590][1565877934722][shared][info]["Migrations: Setting context before starting migration","0007_add_sync_client_buckets_by_order_id_table",{"0000_initial":"finished","0001_add_archived_resources_table":"finished","0002_add_variable_sessions_table":"finished","0003_add_editor_tables":"finished","0004_migrate_ws_session_data":"finished","0005_cleanup_request_response_and_history_body":"finished","0006_add_dbp_to_request_response_and_history":"finished","0007_add_sync_client_buckets_by_order_id_table":"started"}]
[5590][1565877934723][shared][info]["Migrations: Applying migration","0007_add_sync_client_buckets_by_order_id_table"]
[5590][1565877934723][shared][info]["Migrations: Upgrading IndexedDB to version","0007_add_sync_client_buckets_by_order_id_table",5]
[5590][1565877934723][shared][info]["Migrations: Adding pending commit to queue","0007_add_sync_client_buckets_by_order_id_table"]
[5590][1565877934723][shared][info]["Migrations: Starting migration","0008_migrate_to_sync_client_buckets_by_order_id"]
[5590][1565877934723][shared][info]["Migrations: Flushing pending migrations for","0008_migrate_to_sync_client_buckets_by_order_id"]
[5590][1565877934724][shared][info]["Migrations: Flushing pending commit for type","IndexeddbSchemaMigration"]
[5590][1565877934724][shared][info]["Migrations: Committing IndexedDB upgrade"]
[5590][1565877934728][shared][info]["Migrations: Updating status in migration context",{"0000_initial":"finished","0001_add_archived_resources_table":"finished","0002_add_variable_sessions_table":"finished","0003_add_editor_tables":"finished","0004_migrate_ws_session_data":"finished","0005_cleanup_request_response_and_history_body":"finished","0006_add_dbp_to_request_response_and_history":"finished","0007_add_sync_client_buckets_by_order_id_table":"started"}]
[5590][1565877934728][shared][info]["Migrations: Updated status in migration context",{"0000_initial":"finished","0001_add_archived_resources_table":"finished","0002_add_variable_sessions_table":"finished","0003_add_editor_tables":"finished","0004_migrate_ws_session_data":"finished","0005_cleanup_request_response_and_history_body":"finished","0006_add_dbp_to_request_response_and_history":"finished","0007_add_sync_client_buckets_by_order_id_table":"finished"}]
[5590][1565877934729][shared][info]["Migrations: Setting context before starting migration","0008_migrate_to_sync_client_buckets_by_order_id",{"0000_initial":"finished","0001_add_archived_resources_table":"finished","0002_add_variable_sessions_table":"finished","0003_add_editor_tables":"finished","0004_migrate_ws_session_data":"finished","0005_cleanup_request_response_and_history_body":"finished","0006_add_dbp_to_request_response_and_history":"finished","0007_add_sync_client_buckets_by_order_id_table":"finished","0008_migrate_to_sync_client_buckets_by_order_id":"started"}]
[5590][1565877934729][shared][info]["Migrations: Applying migration","0008_migrate_to_sync_client_buckets_by_order_id"]
[5590][1565877934729][shared][info]["Migrations: Processing IndexedDB data migration","0008_migrate_to_sync_client_buckets_by_order_id"]
[5590][1565877934732][shared][info]["Migrations: Saving migration context after completion","0008_migrate_to_sync_client_buckets_by_order_id",{"0000_initial":"finished","0001_add_archived_resources_table":"finished","0002_add_variable_sessions_table":"finished","0003_add_editor_tables":"finished","0004_migrate_ws_session_data":"finished","0005_cleanup_request_response_and_history_body":"finished","0006_add_dbp_to_request_response_and_history":"finished","0007_add_sync_client_buckets_by_order_id_table":"finished","0008_migrate_to_sync_client_buckets_by_order_id":"started"}]
[5590][1565877934732][shared][info]["Migrations: Starting migration","0009_remove_sync_client_buckets_table"]
[5590][1565877934732][shared][info]["Migrations: Setting context before starting migration","0009_remove_sync_client_buckets_table",{"0000_initial":"finished","0001_add_archived_resources_table":"finished","0002_add_variable_sessions_table":"finished","0003_add_editor_tables":"finished","0004_migrate_ws_session_data":"finished","0005_cleanup_request_response_and_history_body":"finished","0006_add_dbp_to_request_response_and_history":"finished","0007_add_sync_client_buckets_by_order_id_table":"finished","0008_migrate_to_sync_client_buckets_by_order_id":"finished","0009_remove_sync_client_buckets_table":"started"}]
[5590][1565877934733][shared][info]["Migrations: Applying migration","0009_remove_sync_client_buckets_table"]
[5590][1565877934733][shared][info]["Migrations: Upgrading IndexedDB to version","0009_remove_sync_client_buckets_table",6]
[5590][1565877934734][shared][info]["Migrations: Adding pending commit to queue","0009_remove_sync_client_buckets_table"]
[5590][1565877934734][shared][info]["Migrations: Starting migration","0010_add_history_owner"]
[5590][1565877934734][shared][info]["Migrations: Flushing pending migrations for","0010_add_history_owner"]
[5590][1565877934734][shared][info]["Migrations: Flushing pending commit for type","IndexeddbSchemaMigration"]
[5590][1565877934734][shared][info]["Migrations: Committing IndexedDB upgrade"]
[5590][1565877934737][shared][info]["Migrations: Updating status in migration context",{"0000_initial":"finished","0001_add_archived_resources_table":"finished","0002_add_variable_sessions_table":"finished","0003_add_editor_tables":"finished","0004_migrate_ws_session_data":"finished","0005_cleanup_request_response_and_history_body":"finished","0006_add_dbp_to_request_response_and_history":"finished","0007_add_sync_client_buckets_by_order_id_table":"finished","0008_migrate_to_sync_client_buckets_by_order_id":"finished","0009_remove_sync_client_buckets_table":"started"}]
[5590][1565877934737][shared][info]["Migrations: Updated status in migration context",{"0000_initial":"finished","0001_add_archived_resources_table":"finished","0002_add_variable_sessions_table":"finished","0003_add_editor_tables":"finished","0004_migrate_ws_session_data":"finished","0005_cleanup_request_response_and_history_body":"finished","0006_add_dbp_to_request_response_and_history":"finished","0007_add_sync_client_buckets_by_order_id_table":"finished","0008_migrate_to_sync_client_buckets_by_order_id":"finished","0009_remove_sync_client_buckets_table":"finished"}]
[5590][1565877934737][shared][info]["Migrations: Setting context before starting migration","0010_add_history_owner",{"0000_initial":"finished","0001_add_archived_resources_table":"finished","0002_add_variable_sessions_table":"finished","0003_add_editor_tables":"finished","0004_migrate_ws_session_data":"finished","0005_cleanup_request_response_and_history_body":"finished","0006_add_dbp_to_request_response_and_history":"finished","0007_add_sync_client_buckets_by_order_id_table":"finished","0008_migrate_to_sync_client_buckets_by_order_id":"finished","0009_remove_sync_client_buckets_table":"finished","0010_add_history_owner":"started"}]
[5590][1565877934738][shared][info]["Migrations: Applying migration","0010_add_history_owner"]
[5590][1565877934738][shared][info]["Migrations: Processing IndexedDB data migration","0010_add_history_owner"]
[5590][1565877934741][shared][info]["Migrations: Saving migration context after completion","0010_add_history_owner",{"0000_initial":"finished","0001_add_archived_resources_table":"finished","0002_add_variable_sessions_table":"finished","0003_add_editor_tables":"finished","0004_migrate_ws_session_data":"finished","0005_cleanup_request_response_and_history_body":"finished","0006_add_dbp_to_request_response_and_history":"finished","0007_add_sync_client_buckets_by_order_id_table":"finished","0008_migrate_to_sync_client_buckets_by_order_id":"finished","0009_remove_sync_client_buckets_table":"finished","0010_add_history_owner":"started"}]
[5590][1565877934742][shared][info]["Migrations: Starting migration","0011_add_history_response_table"]
[5590][1565877934742][shared][info]["Migrations: Setting context before starting migration","0011_add_history_response_table",{"0000_initial":"finished","0001_add_archived_resources_table":"finished","0002_add_variable_sessions_table":"finished","0003_add_editor_tables":"finished","0004_migrate_ws_session_data":"finished","0005_cleanup_request_response_and_history_body":"finished","0006_add_dbp_to_request_response_and_history":"finished","0007_add_sync_client_buckets_by_order_id_table":"finished","0008_migrate_to_sync_client_buckets_by_order_id":"finished","0009_remove_sync_client_buckets_table":"finished","0010_add_history_owner":"finished","0011_add_history_response_table":"started"}]
[5590][1565877934742][shared][info]["Migrations: Applying migration","0011_add_history_response_table"]
[5590][1565877934742][shared][info]["Migrations: Upgrading IndexedDB to version","0011_add_history_response_table",7]
[5590][1565877934742][shared][info]["Migrations: Adding pending commit to queue","0011_add_history_response_table"]
[5590][1565877934742][shared][info]["Migrations: Starting migration","0012_add_user_data_table"]
[5590][1565877934743][shared][info]["Migrations: Setting context before starting migration","0012_add_user_data_table",{"0000_initial":"finished","0001_add_archived_resources_table":"finished","0002_add_variable_sessions_table":"finished","0003_add_editor_tables":"finished","0004_migrate_ws_session_data":"finished","0005_cleanup_request_response_and_history_body":"finished","0006_add_dbp_to_request_response_and_history":"finished","0007_add_sync_client_buckets_by_order_id_table":"finished","0008_migrate_to_sync_client_buckets_by_order_id":"finished","0009_remove_sync_client_buckets_table":"finished","0010_add_history_owner":"finished","0011_add_history_response_table":"started","0012_add_user_data_table":"started"}]
[5590][1565877934743][shared][info]["Migrations: Applying migration","0012_add_user_data_table"]
[5590][1565877934743][shared][info]["Migrations: Upgrading IndexedDB to version","0012_add_user_data_table",8]
[5590][1565877934744][shared][info]["Migrations: Adding pending commit to queue","0012_add_user_data_table"]
[5590][1565877934744][shared][info]["Migrations: Starting migration","0013_sanitize_request_response_and_history_methods"]
[5590][1565877934744][shared][info]["Migrations: Flushing pending migrations for","0013_sanitize_request_response_and_history_methods"]
[5590][1565877934744][shared][info]["Migrations: Flushing pending commit for type","IndexeddbSchemaMigration"]
[5590][1565877934744][shared][info]["Migrations: Committing IndexedDB upgrade"]
[5590][1565877934749][shared][info]["Migrations: Updating status in migration context",{"0000_initial":"finished","0001_add_archived_resources_table":"finished","0002_add_variable_sessions_table":"finished","0003_add_editor_tables":"finished","0004_migrate_ws_session_data":"finished","0005_cleanup_request_response_and_history_body":"finished","0006_add_dbp_to_request_response_and_history":"finished","0007_add_sync_client_buckets_by_order_id_table":"finished","0008_migrate_to_sync_client_buckets_by_order_id":"finished","0009_remove_sync_client_buckets_table":"finished","0010_add_history_owner":"finished","0011_add_history_response_table":"started","0012_add_user_data_table":"started"}]
[5590][1565877934749][shared][info]["Migrations: Updated status in migration context",{"0000_initial":"finished","0001_add_archived_resources_table":"finished","0002_add_variable_sessions_table":"finished","0003_add_editor_tables":"finished","0004_migrate_ws_session_data":"finished","0005_cleanup_request_response_and_history_body":"finished","0006_add_dbp_to_request_response_and_history":"finished","0007_add_sync_client_buckets_by_order_id_table":"finished","0008_migrate_to_sync_client_buckets_by_order_id":"finished","0009_remove_sync_client_buckets_table":"finished","0010_add_history_owner":"finished","0011_add_history_response_table":"finished","0012_add_user_data_table":"finished"}]
[5590][1565877934749][shared][info]["Migrations: Setting context before starting migration","0013_sanitize_request_response_and_history_methods",{"0000_initial":"finished","0001_add_archived_resources_table":"finished","0002_add_variable_sessions_table":"finished","0003_add_editor_tables":"finished","0004_migrate_ws_session_data":"finished","0005_cleanup_request_response_and_history_body":"finished","0006_add_dbp_to_request_response_and_history":"finished","0007_add_sync_client_buckets_by_order_id_table":"finished","0008_migrate_to_sync_client_buckets_by_order_id":"finished","0009_remove_sync_client_buckets_table":"finished","0010_add_history_owner":"finished","0011_add_history_response_table":"finished","0012_add_user_data_table":"finished","0013_sanitize_request_response_and_history_methods":"started"}]
[5590][1565877934749][shared][info]["Migrations: Applying migration","0013_sanitize_request_response_and_history_methods"]
[5590][1565877934749][shared][info]["Migrations: Processing IndexedDB data migration","0013_sanitize_request_response_and_history_methods"]
[5590][1565877934754][shared][info]["Migrations: Saving migration context after completion","0013_sanitize_request_response_and_history_methods",{"0000_initial":"finished","0001_add_archived_resources_table":"finished","0002_add_variable_sessions_table":"finished","0003_add_editor_tables":"finished","0004_migrate_ws_session_data":"finished","0005_cleanup_request_response_and_history_body":"finished","0006_add_dbp_to_request_response_and_history":"finished","0007_add_sync_client_buckets_by_order_id_table":"finished","0008_migrate_to_sync_client_buckets_by_order_id":"finished","0009_remove_sync_client_buckets_table":"finished","0010_add_history_owner":"finished","0011_add_history_response_table":"finished","0012_add_user_data_table":"finished","0013_sanitize_request_response_and_history_methods":"started"}]
[5590][1565877934754][shared][info]["Migrations: Starting migration","0014_sanitize_response_requestobject_rawmodedata"]
[5590][1565877934754][shared][info]["Migrations: Flushing pending migrations for","0014_sanitize_response_requestobject_rawmodedata"]
[5590][1565877934754][shared][info]["Migrations: Updating status in migration context",{"0000_initial":"finished","0001_add_archived_resources_table":"finished","0002_add_variable_sessions_table":"finished","0003_add_editor_tables":"finished","0004_migrate_ws_session_data":"finished","0005_cleanup_request_response_and_history_body":"finished","0006_add_dbp_to_request_response_and_history":"finished","0007_add_sync_client_buckets_by_order_id_table":"finished","0008_migrate_to_sync_client_buckets_by_order_id":"finished","0009_remove_sync_client_buckets_table":"finished","0010_add_history_owner":"finished","0011_add_history_response_table":"finished","0012_add_user_data_table":"finished","0013_sanitize_request_response_and_history_methods":"finished"}]
[5590][1565877934754][shared][info]["Migrations: Updated status in migration context",{"0000_initial":"finished","0001_add_archived_resources_table":"finished","0002_add_variable_sessions_table":"finished","0003_add_editor_tables":"finished","0004_migrate_ws_session_data":"finished","0005_cleanup_request_response_and_history_body":"finished","0006_add_dbp_to_request_response_and_history":"finished","0007_add_sync_client_buckets_by_order_id_table":"finished","0008_migrate_to_sync_client_buckets_by_order_id":"finished","0009_remove_sync_client_buckets_table":"finished","0010_add_history_owner":"finished","0011_add_history_response_table":"finished","0012_add_user_data_table":"finished","0013_sanitize_request_response_and_history_methods":"finished"}]
[5590][1565877934754][shared][info]["Migrations: Setting context before starting migration","0014_sanitize_response_requestobject_rawmodedata",{"0000_initial":"finished","0001_add_archived_resources_table":"finished","0002_add_variable_sessions_table":"finished","0003_add_editor_tables":"finished","0004_migrate_ws_session_data":"finished","0005_cleanup_request_response_and_history_body":"finished","0006_add_dbp_to_request_response_and_history":"finished","0007_add_sync_client_buckets_by_order_id_table":"finished","0008_migrate_to_sync_client_buckets_by_order_id":"finished","0009_remove_sync_client_buckets_table":"finished","0010_add_history_owner":"finished","0011_add_history_response_table":"finished","0012_add_user_data_table":"finished","0013_sanitize_request_response_and_history_methods":"finished","0014_sanitize_response_requestobject_rawmodedata":"started"}]
[5590][1565877934754][shared][info]["Migrations: Applying migration","0014_sanitize_response_requestobject_rawmodedata"]
[5590][1565877934754][shared][info]["Migrations: Processing IndexedDB data migration","0014_sanitize_response_requestobject_rawmodedata"]
[5590][1565877934757][shared][info]["Migrations: Saving migration context after completion","0014_sanitize_response_requestobject_rawmodedata",{"0000_initial":"finished","0001_add_archived_resources_table":"finished","0002_add_variable_sessions_table":"finished","0003_add_editor_tables":"finished","0004_migrate_ws_session_data":"finished","0005_cleanup_request_response_and_history_body":"finished","0006_add_dbp_to_request_response_and_history":"finished","0007_add_sync_client_buckets_by_order_id_table":"finished","0008_migrate_to_sync_client_buckets_by_order_id":"finished","0009_remove_sync_client_buckets_table":"finished","0010_add_history_owner":"finished","0011_add_history_response_table":"finished","0012_add_user_data_table":"finished","0013_sanitize_request_response_and_history_methods":"finished","0014_sanitize_response_requestobject_rawmodedata":"started"}]
[5590][1565877934758][shared][info]["Migrations: Starting migration","0015_add_favorited_collections_table"]
[5590][1565877934758][shared][info]["Migrations: Setting context before starting migration","0015_add_favorited_collections_table",{"0000_initial":"finished","0001_add_archived_resources_table":"finished","0002_add_variable_sessions_table":"finished","0003_add_editor_tables":"finished","0004_migrate_ws_session_data":"finished","0005_cleanup_request_response_and_history_body":"finished","0006_add_dbp_to_request_response_and_history":"finished","0007_add_sync_client_buckets_by_order_id_table":"finished","0008_migrate_to_sync_client_buckets_by_order_id":"finished","0009_remove_sync_client_buckets_table":"finished","0010_add_history_owner":"finished","0011_add_history_response_table":"finished","0012_add_user_data_table":"finished","0013_sanitize_request_response_and_history_methods":"finished","0014_sanitize_response_requestobject_rawmodedata":"finished","0015_add_favorited_collections_table":"started"}]
[5590][1565877934758][shared][info]["Migrations: Applying migration","0015_add_favorited_collections_table"]
[5590][1565877934758][shared][info]["Migrations: Upgrading IndexedDB to version","0015_add_favorited_collections_table",9]
[5590][1565877934759][shared][info]["Migrations: Adding pending commit to queue","0015_add_favorited_collections_table"]
[5590][1565877934759][shared][info]["Migrations: Starting migration","0016_add_permission_table"]
[5590][1565877934759][shared][info]["Migrations: Setting context before starting migration","0016_add_permission_table",{"0000_initial":"finished","0001_add_archived_resources_table":"finished","0002_add_variable_sessions_table":"finished","0003_add_editor_tables":"finished","0004_migrate_ws_session_data":"finished","0005_cleanup_request_response_and_history_body":"finished","0006_add_dbp_to_request_response_and_history":"finished","0007_add_sync_client_buckets_by_order_id_table":"finished","0008_migrate_to_sync_client_buckets_by_order_id":"finished","0009_remove_sync_client_buckets_table":"finished","0010_add_history_owner":"finished","0011_add_history_response_table":"finished","0012_add_user_data_table":"finished","0013_sanitize_request_response_and_history_methods":"finished","0014_sanitize_response_requestobject_rawmodedata":"finished","0015_add_favorited_collections_table":"started","0016_add_permission_table":"started"}]
[5590][1565877934759][shared][info]["Migrations: Applying migration","0016_add_permission_table"]
[5590][1565877934760][shared][info]["Migrations: Upgrading IndexedDB to version","0016_add_permission_table",10]
[5590][1565877934760][shared][info]["Migrations: Adding pending commit to queue","0016_add_permission_table"]
[5590][1565877934760][shared][info]["Migrations: Starting migration","0017_add_user_preferences_table"]
[5590][1565877934760][shared][info]["Migrations: Setting context before starting migration","0017_add_user_preferences_table",{"0000_initial":"finished","0001_add_archived_resources_table":"finished","0002_add_variable_sessions_table":"finished","0003_add_editor_tables":"finished","0004_migrate_ws_session_data":"finished","0005_cleanup_request_response_and_history_body":"finished","0006_add_dbp_to_request_response_and_history":"finished","0007_add_sync_client_buckets_by_order_id_table":"finished","0008_migrate_to_sync_client_buckets_by_order_id":"finished","0009_remove_sync_client_buckets_table":"finished","0010_add_history_owner":"finished","0011_add_history_response_table":"finished","0012_add_user_data_table":"finished","0013_sanitize_request_response_and_history_methods":"finished","0014_sanitize_response_requestobject_rawmodedata":"finished","0015_add_favorited_collections_table":"started","0016_add_permission_table":"started","0017_add_user_preferences_table":"started"}]
[5590][1565877934760][shared][info]["Migrations: Applying migration","0017_add_user_preferences_table"]
[5590][1565877934761][shared][info]["Migrations: Upgrading IndexedDB to version","0017_add_user_preferences_table",11]
[5590][1565877934762][shared][info]["Migrations: Adding pending commit to queue","0017_add_user_preferences_table"]
[5590][1565877934762][shared][info]["Migrations: Starting migration","0018_index_header_presets"]
[5590][1565877934762][shared][info]["Migrations: Setting context before starting migration","0018_index_header_presets",{"0000_initial":"finished","0001_add_archived_resources_table":"finished","0002_add_variable_sessions_table":"finished","0003_add_editor_tables":"finished","0004_migrate_ws_session_data":"finished","0005_cleanup_request_response_and_history_body":"finished","0006_add_dbp_to_request_response_and_history":"finished","0007_add_sync_client_buckets_by_order_id_table":"finished","0008_migrate_to_sync_client_buckets_by_order_id":"finished","0009_remove_sync_client_buckets_table":"finished","0010_add_history_owner":"finished","0011_add_history_response_table":"finished","0012_add_user_data_table":"finished","0013_sanitize_request_response_and_history_methods":"finished","0014_sanitize_response_requestobject_rawmodedata":"finished","0015_add_favorited_collections_table":"started","0016_add_permission_table":"started","0017_add_user_preferences_table":"started","0018_index_header_presets":"started"}]
[5590][1565877934763][shared][info]["Migrations: Applying migration","0018_index_header_presets"]
[5590][1565877934763][shared][info]["Migrations: Upgrading IndexedDB to version","0018_index_header_presets",12]
[5590][1565877934763][shared][info]["Migrations: Adding pending commit to queue","0018_index_header_presets"]
[5590][1565877934764][shared][info]["Migrations: Starting migration","0019_migrate_favorite_collections_data"]
[5590][1565877934764][shared][info]["Migrations: Flushing pending migrations for","0019_migrate_favorite_collections_data"]
[5590][1565877934764][shared][info]["Migrations: Flushing pending commit for type","IndexeddbSchemaMigration"]
[5590][1565877934764][shared][info]["Migrations: Committing IndexedDB upgrade"]
[5590][1565877934770][shared][info]["Migrations: Updating status in migration context",{"0000_initial":"finished","0001_add_archived_resources_table":"finished","0002_add_variable_sessions_table":"finished","0003_add_editor_tables":"finished","0004_migrate_ws_session_data":"finished","0005_cleanup_request_response_and_history_body":"finished","0006_add_dbp_to_request_response_and_history":"finished","0007_add_sync_client_buckets_by_order_id_table":"finished","0008_migrate_to_sync_client_buckets_by_order_id":"finished","0009_remove_sync_client_buckets_table":"finished","0010_add_history_owner":"finished","0011_add_history_response_table":"finished","0012_add_user_data_table":"finished","0013_sanitize_request_response_and_history_methods":"finished","0014_sanitize_response_requestobject_rawmodedata":"finished","0015_add_favorited_collections_table":"started","0016_add_permission_table":"started","0017_add_user_preferences_table":"started","0018_index_header_presets":"started"}]
[5590][1565877934770][shared][info]["Migrations: Updated status in migration context",{"0000_initial":"finished","0001_add_archived_resources_table":"finished","0002_add_variable_sessions_table":"finished","0003_add_editor_tables":"finished","0004_migrate_ws_session_data":"finished","0005_cleanup_request_response_and_history_body":"finished","0006_add_dbp_to_request_response_and_history":"finished","0007_add_sync_client_buckets_by_order_id_table":"finished","0008_migrate_to_sync_client_buckets_by_order_id":"finished","0009_remove_sync_client_buckets_table":"finished","0010_add_history_owner":"finished","0011_add_history_response_table":"finished","0012_add_user_data_table":"finished","0013_sanitize_request_response_and_history_methods":"finished","0014_sanitize_response_requestobject_rawmodedata":"finished","0015_add_favorited_collections_table":"finished","0016_add_permission_table":"finished","0017_add_user_preferences_table":"finished","0018_index_header_presets":"finished"}]
[5590][1565877934770][shared][info]["Migrations: Setting context before starting migration","0019_migrate_favorite_collections_data",{"0000_initial":"finished","0001_add_archived_resources_table":"finished","0002_add_variable_sessions_table":"finished","0003_add_editor_tables":"finished","0004_migrate_ws_session_data":"finished","0005_cleanup_request_response_and_history_body":"finished","0006_add_dbp_to_request_response_and_history":"finished","0007_add_sync_client_buckets_by_order_id_table":"finished","0008_migrate_to_sync_client_buckets_by_order_id":"finished","0009_remove_sync_client_buckets_table":"finished","0010_add_history_owner":"finished","0011_add_history_response_table":"finished","0012_add_user_data_table":"finished","0013_sanitize_request_response_and_history_methods":"finished","0014_sanitize_response_requestobject_rawmodedata":"finished","0015_add_favorited_collections_table":"finished","0016_add_permission_table":"finished","0017_add_user_preferences_table":"finished","0018_index_header_presets":"finished","0019_migrate_favorite_collections_data":"started"}]
[5590][1565877934770][shared][info]["Migrations: Applying migration","0019_migrate_favorite_collections_data"]
[5590][1565877934770][shared][info]["Migrations: Processing IndexedDB data migration","0019_migrate_favorite_collections_data"]
[5590][1565877934771][shared][info]["Migration~FavoriteCollections: Starting migration"]
[5590][1565877934774][shared][info]["Migrations: Saving migration context after completion","0019_migrate_favorite_collections_data",{"0000_initial":"finished","0001_add_archived_resources_table":"finished","0002_add_variable_sessions_table":"finished","0003_add_editor_tables":"finished","0004_migrate_ws_session_data":"finished","0005_cleanup_request_response_and_history_body":"finished","0006_add_dbp_to_request_response_and_history":"finished","0007_add_sync_client_buckets_by_order_id_table":"finished","0008_migrate_to_sync_client_buckets_by_order_id":"finished","0009_remove_sync_client_buckets_table":"finished","0010_add_history_owner":"finished","0011_add_history_response_table":"finished","0012_add_user_data_table":"finished","0013_sanitize_request_response_and_history_methods":"finished","0014_sanitize_response_requestobject_rawmodedata":"finished","0015_add_favorited_collections_table":"finished","0016_add_permission_table":"finished","0017_add_user_preferences_table":"finished","0018_index_header_presets":"finished","0019_migrate_favorite_collections_data":"started"}]
[5590][1565877934775][shared][info]["Migrations: Starting migration","0020_migrate_sync_client_revision"]
[5590][1565877934775][shared][info]["Migrations: Flushing pending migrations for","0020_migrate_sync_client_revision"]
[5590][1565877934775][shared][info]["Migrations: Updating status in migration context",{"0000_initial":"finished","0001_add_archived_resources_table":"finished","0002_add_variable_sessions_table":"finished","0003_add_editor_tables":"finished","0004_migrate_ws_session_data":"finished","0005_cleanup_request_response_and_history_body":"finished","0006_add_dbp_to_request_response_and_history":"finished","0007_add_sync_client_buckets_by_order_id_table":"finished","0008_migrate_to_sync_client_buckets_by_order_id":"finished","0009_remove_sync_client_buckets_table":"finished","0010_add_history_owner":"finished","0011_add_history_response_table":"finished","0012_add_user_data_table":"finished","0013_sanitize_request_response_and_history_methods":"finished","0014_sanitize_response_requestobject_rawmodedata":"finished","0015_add_favorited_collections_table":"finished","0016_add_permission_table":"finished","0017_add_user_preferences_table":"finished","0018_index_header_presets":"finished","0019_migrate_favorite_collections_data":"finished"}]
[5590][1565877934775][shared][info]["Migrations: Updated status in migration context",{"0000_initial":"finished","0001_add_archived_resources_table":"finished","0002_add_variable_sessions_table":"finished","0003_add_editor_tables":"finished","0004_migrate_ws_session_data":"finished","0005_cleanup_request_response_and_history_body":"finished","0006_add_dbp_to_request_response_and_history":"finished","0007_add_sync_client_buckets_by_order_id_table":"finished","0008_migrate_to_sync_client_buckets_by_order_id":"finished","0009_remove_sync_client_buckets_table":"finished","0010_add_history_owner":"finished","0011_add_history_response_table":"finished","0012_add_user_data_table":"finished","0013_sanitize_request_response_and_history_methods":"finished","0014_sanitize_response_requestobject_rawmodedata":"finished","0015_add_favorited_collections_table":"finished","0016_add_permission_table":"finished","0017_add_user_preferences_table":"finished","0018_index_header_presets":"finished","0019_migrate_favorite_collections_data":"finished"}]
[5590][1565877934776][shared][info]["Migrations: Setting context before starting migration","0020_migrate_sync_client_revision",{"0000_initial":"finished","0001_add_archived_resources_table":"finished","0002_add_variable_sessions_table":"finished","0003_add_editor_tables":"finished","0004_migrate_ws_session_data":"finished","0005_cleanup_request_response_and_history_body":"finished","0006_add_dbp_to_request_response_and_history":"finished","0007_add_sync_client_buckets_by_order_id_table":"finished","0008_migrate_to_sync_client_buckets_by_order_id":"finished","0009_remove_sync_client_buckets_table":"finished","0010_add_history_owner":"finished","0011_add_history_response_table":"finished","0012_add_user_data_table":"finished","0013_sanitize_request_response_and_history_methods":"finished","0014_sanitize_response_requestobject_rawmodedata":"finished","0015_add_favorited_collections_table":"finished","0016_add_permission_table":"finished","0017_add_user_preferences_table":"finished","0018_index_header_presets":"finished","0019_migrate_favorite_collections_data":"finished","0020_migrate_sync_client_revision":"started"}]
[5590][1565877934776][shared][info]["Migrations: Applying migration","0020_migrate_sync_client_revision"]
[5590][1565877934776][shared][info]["Migrations: Processing IndexedDB data migration","0020_migrate_sync_client_revision"]
[5590][1565877934777][shared][info]["Migration~SyncClientRevision: Migrating revision id for timelines"]
[5590][1565877934780][shared][info]["Migrations: Saving migration context after completion","0020_migrate_sync_client_revision",{"0000_initial":"finished","0001_add_archived_resources_table":"finished","0002_add_variable_sessions_table":"finished","0003_add_editor_tables":"finished","0004_migrate_ws_session_data":"finished","0005_cleanup_request_response_and_history_body":"finished","0006_add_dbp_to_request_response_and_history":"finished","0007_add_sync_client_buckets_by_order_id_table":"finished","0008_migrate_to_sync_client_buckets_by_order_id":"finished","0009_remove_sync_client_buckets_table":"finished","0010_add_history_owner":"finished","0011_add_history_response_table":"finished","0012_add_user_data_table":"finished","0013_sanitize_request_response_and_history_methods":"finished","0014_sanitize_response_requestobject_rawmodedata":"finished","0015_add_favorited_collections_table":"finished","0016_add_permission_table":"finished","0017_add_user_preferences_table":"finished","0018_index_header_presets":"finished","0019_migrate_favorite_collections_data":"finished","0020_migrate_sync_client_revision":"started"}]
[5590][1565877934780][shared][info]["Migrations: Starting migration","0021_clear_permissions"]
[5590][1565877934781][shared][info]["Migrations: Flushing pending migrations for","0021_clear_permissions"]
[5590][1565877934781][shared][info]["Migrations: Updating status in migration context",{"0000_initial":"finished","0001_add_archived_resources_table":"finished","0002_add_variable_sessions_table":"finished","0003_add_editor_tables":"finished","0004_migrate_ws_session_data":"finished","0005_cleanup_request_response_and_history_body":"finished","0006_add_dbp_to_request_response_and_history":"finished","0007_add_sync_client_buckets_by_order_id_table":"finished","0008_migrate_to_sync_client_buckets_by_order_id":"finished","0009_remove_sync_client_buckets_table":"finished","0010_add_history_owner":"finished","0011_add_history_response_table":"finished","0012_add_user_data_table":"finished","0013_sanitize_request_response_and_history_methods":"finished","0014_sanitize_response_requestobject_rawmodedata":"finished","0015_add_favorited_collections_table":"finished","0016_add_permission_table":"finished","0017_add_user_preferences_table":"finished","0018_index_header_presets":"finished","0019_migrate_favorite_collections_data":"finished","0020_migrate_sync_client_revision":"finished"}]
[5590][1565877934781][shared][info]["Migrations: Updated status in migration context",{"0000_initial":"finished","0001_add_archived_resources_table":"finished","0002_add_variable_sessions_table":"finished","0003_add_editor_tables":"finished","0004_migrate_ws_session_data":"finished","0005_cleanup_request_response_and_history_body":"finished","0006_add_dbp_to_request_response_and_history":"finished","0007_add_sync_client_buckets_by_order_id_table":"finished","0008_migrate_to_sync_client_buckets_by_order_id":"finished","0009_remove_sync_client_buckets_table":"finished","0010_add_history_owner":"finished","0011_add_history_response_table":"finished","0012_add_user_data_table":"finished","0013_sanitize_request_response_and_history_methods":"finished","0014_sanitize_response_requestobject_rawmodedata":"finished","0015_add_favorited_collections_table":"finished","0016_add_permission_table":"finished","0017_add_user_preferences_table":"finished","0018_index_header_presets":"finished","0019_migrate_favorite_collections_data":"finished","0020_migrate_sync_client_revision":"finished"}]
[5590][1565877934781][shared][info]["Migrations: Setting context before starting migration","0021_clear_permissions",{"0000_initial":"finished","0001_add_archived_resources_table":"finished","0002_add_variable_sessions_table":"finished","0003_add_editor_tables":"finished","0004_migrate_ws_session_data":"finished","0005_cleanup_request_response_and_history_body":"finished","0006_add_dbp_to_request_response_and_history":"finished","0007_add_sync_client_buckets_by_order_id_table":"finished","0008_migrate_to_sync_client_buckets_by_order_id":"finished","0009_remove_sync_client_buckets_table":"finished","0010_add_history_owner":"finished","0011_add_history_response_table":"finished","0012_add_user_data_table":"finished","0013_sanitize_request_response_and_history_methods":"finished","0014_sanitize_response_requestobject_rawmodedata":"finished","0015_add_favorited_collections_table":"finished","0016_add_permission_table":"finished","0017_add_user_preferences_table":"finished","0018_index_header_presets":"finished","0019_migrate_favorite_collections_data":"finished","0020_migrate_sync_client_revision":"finished","0021_clear_permissions":"started"}]
[5590][1565877934782][shared][info]["Migrations: Applying migration","0021_clear_permissions"]
[5590][1565877934782][shared][info]["Migrations: Processing IndexedDB data migration","0021_clear_permissions"]
[5590][1565877934782][shared][info]["Migration~Permissions: Starting migration"]
[5590][1565877934784][shared][info]["Migrations: Saving migration context after completion","0021_clear_permissions",{"0000_initial":"finished","0001_add_archived_resources_table":"finished","0002_add_variable_sessions_table":"finished","0003_add_editor_tables":"finished","0004_migrate_ws_session_data":"finished","0005_cleanup_request_response_and_history_body":"finished","0006_add_dbp_to_request_response_and_history":"finished","0007_add_sync_client_buckets_by_order_id_table":"finished","0008_migrate_to_sync_client_buckets_by_order_id":"finished","0009_remove_sync_client_buckets_table":"finished","0010_add_history_owner":"finished","0011_add_history_response_table":"finished","0012_add_user_data_table":"finished","0013_sanitize_request_response_and_history_methods":"finished","0014_sanitize_response_requestobject_rawmodedata":"finished","0015_add_favorited_collections_table":"finished","0016_add_permission_table":"finished","0017_add_user_preferences_table":"finished","0018_index_header_presets":"finished","0019_migrate_favorite_collections_data":"finished","0020_migrate_sync_client_revision":"finished","0021_clear_permissions":"started"}]
[5590][1565877934785][shared][info]["Migrations: Starting migration","0022_add_workspace_header_presets"]
[5590][1565877934785][shared][info]["Migrations: Flushing pending migrations for","0022_add_workspace_header_presets"]
[5590][1565877934785][shared][info]["Migrations: Updating status in migration context",{"0000_initial":"finished","0001_add_archived_resources_table":"finished","0002_add_variable_sessions_table":"finished","0003_add_editor_tables":"finished","0004_migrate_ws_session_data":"finished","0005_cleanup_request_response_and_history_body":"finished","0006_add_dbp_to_request_response_and_history":"finished","0007_add_sync_client_buckets_by_order_id_table":"finished","0008_migrate_to_sync_client_buckets_by_order_id":"finished","0009_remove_sync_client_buckets_table":"finished","0010_add_history_owner":"finished","0011_add_history_response_table":"finished","0012_add_user_data_table":"finished","0013_sanitize_request_response_and_history_methods":"finished","0014_sanitize_response_requestobject_rawmodedata":"finished","0015_add_favorited_collections_table":"finished","0016_add_permission_table":"finished","0017_add_user_preferences_table":"finished","0018_index_header_presets":"finished","0019_migrate_favorite_collections_data":"finished","0020_migrate_sync_client_revision":"finished","0021_clear_permissions":"finished"}]
[5590][1565877934785][shared][info]["Migrations: Updated status in migration context",{"0000_initial":"finished","0001_add_archived_resources_table":"finished","0002_add_variable_sessions_table":"finished","0003_add_editor_tables":"finished","0004_migrate_ws_session_data":"finished","0005_cleanup_request_response_and_history_body":"finished","0006_add_dbp_to_request_response_and_history":"finished","0007_add_sync_client_buckets_by_order_id_table":"finished","0008_migrate_to_sync_client_buckets_by_order_id":"finished","0009_remove_sync_client_buckets_table":"finished","0010_add_history_owner":"finished","0011_add_history_response_table":"finished","0012_add_user_data_table":"finished","0013_sanitize_request_response_and_history_methods":"finished","0014_sanitize_response_requestobject_rawmodedata":"finished","0015_add_favorited_collections_table":"finished","0016_add_permission_table":"finished","0017_add_user_preferences_table":"finished","0018_index_header_presets":"finished","0019_migrate_favorite_collections_data":"finished","0020_migrate_sync_client_revision":"finished","0021_clear_permissions":"finished"}]
[5590][1565877934785][shared][info]["Migrations: Setting context before starting migration","0022_add_workspace_header_presets",{"0000_initial":"finished","0001_add_archived_resources_table":"finished","0002_add_variable_sessions_table":"finished","0003_add_editor_tables":"finished","0004_migrate_ws_session_data":"finished","0005_cleanup_request_response_and_history_body":"finished","0006_add_dbp_to_request_response_and_history":"finished","0007_add_sync_client_buckets_by_order_id_table":"finished","0008_migrate_to_sync_client_buckets_by_order_id":"finished","0009_remove_sync_client_buckets_table":"finished","0010_add_history_owner":"finished","0011_add_history_response_table":"finished","0012_add_user_data_table":"finished","0013_sanitize_request_response_and_history_methods":"finished","0014_sanitize_response_requestobject_rawmodedata":"finished","0015_add_favorited_collections_table":"finished","0016_add_permission_table":"finished","0017_add_user_preferences_table":"finished","0018_index_header_presets":"finished","0019_migrate_favorite_collections_data":"finished","0020_migrate_sync_client_revision":"finished","0021_clear_permissions":"finished","0022_add_workspace_header_presets":"started"}]
[5590][1565877934785][shared][info]["Migrations: Applying migration","0022_add_workspace_header_presets"]
[5590][1565877934785][shared][info]["Migrations: Processing IndexedDB data migration","0022_add_workspace_header_presets"]
[5590][1565877934787][shared][info]["Migration~HeaderPresets: Add workspace property in header presets"]
[5590][1565877934789][shared][info]["Migrations: Saving migration context after completion","0022_add_workspace_header_presets",{"0000_initial":"finished","0001_add_archived_resources_table":"finished","0002_add_variable_sessions_table":"finished","0003_add_editor_tables":"finished","0004_migrate_ws_session_data":"finished","0005_cleanup_request_response_and_history_body":"finished","0006_add_dbp_to_request_response_and_history":"finished","0007_add_sync_client_buckets_by_order_id_table":"finished","0008_migrate_to_sync_client_buckets_by_order_id":"finished","0009_remove_sync_client_buckets_table":"finished","0010_add_history_owner":"finished","0011_add_history_response_table":"finished","0012_add_user_data_table":"finished","0013_sanitize_request_response_and_history_methods":"finished","0014_sanitize_response_requestobject_rawmodedata":"finished","0015_add_favorited_collections_table":"finished","0016_add_permission_table":"finished","0017_add_user_preferences_table":"finished","0018_index_header_presets":"finished","0019_migrate_favorite_collections_data":"finished","0020_migrate_sync_client_revision":"finished","0021_clear_permissions":"finished","0022_add_workspace_header_presets":"started"}]
[5590][1565877934789][shared][info]["Migrations: Starting migration","0023_remove_collection_permissions_and_shared"]
[5590][1565877934789][shared][info]["Migrations: Flushing pending migrations for","0023_remove_collection_permissions_and_shared"]
[5590][1565877934790][shared][info]["Migrations: Updating status in migration context",{"0000_initial":"finished","0001_add_archived_resources_table":"finished","0002_add_variable_sessions_table":"finished","0003_add_editor_tables":"finished","0004_migrate_ws_session_data":"finished","0005_cleanup_request_response_and_history_body":"finished","0006_add_dbp_to_request_response_and_history":"finished","0007_add_sync_client_buckets_by_order_id_table":"finished","0008_migrate_to_sync_client_buckets_by_order_id":"finished","0009_remove_sync_client_buckets_table":"finished","0010_add_history_owner":"finished","0011_add_history_response_table":"finished","0012_add_user_data_table":"finished","0013_sanitize_request_response_and_history_methods":"finished","0014_sanitize_response_requestobject_rawmodedata":"finished","0015_add_favorited_collections_table":"finished","0016_add_permission_table":"finished","0017_add_user_preferences_table":"finished","0018_index_header_presets":"finished","0019_migrate_favorite_collections_data":"finished","0020_migrate_sync_client_revision":"finished","0021_clear_permissions":"finished","0022_add_workspace_header_presets":"finished"}]
[5590][1565877934790][shared][info]["Migrations: Updated status in migration context",{"0000_initial":"finished","0001_add_archived_resources_table":"finished","0002_add_variable_sessions_table":"finished","0003_add_editor_tables":"finished","0004_migrate_ws_session_data":"finished","0005_cleanup_request_response_and_history_body":"finished","0006_add_dbp_to_request_response_and_history":"finished","0007_add_sync_client_buckets_by_order_id_table":"finished","0008_migrate_to_sync_client_buckets_by_order_id":"finished","0009_remove_sync_client_buckets_table":"finished","0010_add_history_owner":"finished","0011_add_history_response_table":"finished","0012_add_user_data_table":"finished","0013_sanitize_request_response_and_history_methods":"finished","0014_sanitize_response_requestobject_rawmodedata":"finished","0015_add_favorited_collections_table":"finished","0016_add_permission_table":"finished","0017_add_user_preferences_table":"finished","0018_index_header_presets":"finished","0019_migrate_favorite_collections_data":"finished","0020_migrate_sync_client_revision":"finished","0021_clear_permissions":"finished","0022_add_workspace_header_presets":"finished"}]
[5590][1565877934790][shared][info]["Migrations: Setting context before starting migration","0023_remove_collection_permissions_and_shared",{"0000_initial":"finished","0001_add_archived_resources_table":"finished","0002_add_variable_sessions_table":"finished","0003_add_editor_tables":"finished","0004_migrate_ws_session_data":"finished","0005_cleanup_request_response_and_history_body":"finished","0006_add_dbp_to_request_response_and_history":"finished","0007_add_sync_client_buckets_by_order_id_table":"finished","0008_migrate_to_sync_client_buckets_by_order_id":"finished","0009_remove_sync_client_buckets_table":"finished","0010_add_history_owner":"finished","0011_add_history_response_table":"finished","0012_add_user_data_table":"finished","0013_sanitize_request_response_and_history_methods":"finished","0014_sanitize_response_requestobject_rawmodedata":"finished","0015_add_favorited_collections_table":"finished","0016_add_permission_table":"finished","0017_add_user_preferences_table":"finished","0018_index_header_presets":"finished","0019_migrate_favorite_collections_data":"finished","0020_migrate_sync_client_revision":"finished","0021_clear_permissions":"finished","0022_add_workspace_header_presets":"finished","0023_remove_collection_permissions_and_shared":"started"}]
[5590][1565877934790][shared][info]["Migrations: Applying migration","0023_remove_collection_permissions_and_shared"]
[5590][1565877934790][shared][info]["Migrations: Processing IndexedDB data migration","0023_remove_collection_permissions_and_shared"]
[5590][1565877934794][shared][info]["Migrations: Saving migration context after completion","0023_remove_collection_permissions_and_shared",{"0000_initial":"finished","0001_add_archived_resources_table":"finished","0002_add_variable_sessions_table":"finished","0003_add_editor_tables":"finished","0004_migrate_ws_session_data":"finished","0005_cleanup_request_response_and_history_body":"finished","0006_add_dbp_to_request_response_and_history":"finished","0007_add_sync_client_buckets_by_order_id_table":"finished","0008_migrate_to_sync_client_buckets_by_order_id":"finished","0009_remove_sync_client_buckets_table":"finished","0010_add_history_owner":"finished","0011_add_history_response_table":"finished","0012_add_user_data_table":"finished","0013_sanitize_request_response_and_history_methods":"finished","0014_sanitize_response_requestobject_rawmodedata":"finished","0015_add_favorited_collections_table":"finished","0016_add_permission_table":"finished","0017_add_user_preferences_table":"finished","0018_index_header_presets":"finished","0019_migrate_favorite_collections_data":"finished","0020_migrate_sync_client_revision":"finished","0021_clear_permissions":"finished","0022_add_workspace_header_presets":"finished","0023_remove_collection_permissions_and_shared":"started"}]
[5590][1565877934794][shared][info]["Migrations: Flushing pending commit steps"]
[5590][1565877934794][shared][info]["Migrations: Updating status in migration context",{"0000_initial":"finished","0001_add_archived_resources_table":"finished","0002_add_variable_sessions_table":"finished","0003_add_editor_tables":"finished","0004_migrate_ws_session_data":"finished","0005_cleanup_request_response_and_history_body":"finished","0006_add_dbp_to_request_response_and_history":"finished","0007_add_sync_client_buckets_by_order_id_table":"finished","0008_migrate_to_sync_client_buckets_by_order_id":"finished","0009_remove_sync_client_buckets_table":"finished","0010_add_history_owner":"finished","0011_add_history_response_table":"finished","0012_add_user_data_table":"finished","0013_sanitize_request_response_and_history_methods":"finished","0014_sanitize_response_requestobject_rawmodedata":"finished","0015_add_favorited_collections_table":"finished","0016_add_permission_table":"finished","0017_add_user_preferences_table":"finished","0018_index_header_presets":"finished","0019_migrate_favorite_collections_data":"finished","0020_migrate_sync_client_revision":"finished","0021_clear_permissions":"finished","0022_add_workspace_header_presets":"finished","0023_remove_collection_permissions_and_shared":"finished"}]
[5590][1565877934794][shared][info]["Migrations: Updated status in migration context",{"0000_initial":"finished","0001_add_archived_resources_table":"finished","0002_add_variable_sessions_table":"finished","0003_add_editor_tables":"finished","0004_migrate_ws_session_data":"finished","0005_cleanup_request_response_and_history_body":"finished","0006_add_dbp_to_request_response_and_history":"finished","0007_add_sync_client_buckets_by_order_id_table":"finished","0008_migrate_to_sync_client_buckets_by_order_id":"finished","0009_remove_sync_client_buckets_table":"finished","0010_add_history_owner":"finished","0011_add_history_response_table":"finished","0012_add_user_data_table":"finished","0013_sanitize_request_response_and_history_methods":"finished","0014_sanitize_response_requestobject_rawmodedata":"finished","0015_add_favorited_collections_table":"finished","0016_add_permission_table":"finished","0017_add_user_preferences_table":"finished","0018_index_header_presets":"finished","0019_migrate_favorite_collections_data":"finished","0020_migrate_sync_client_revision":"finished","0021_clear_permissions":"finished","0022_add_workspace_header_presets":"finished","0023_remove_collection_permissions_and_shared":"finished"}]
[5590][1565877934795][shared][info]["Migration: Finished all migrations"]
[5590][1565877934861][shared][info]["bootstrapModels - Success"]
[5590][1565877934862][shared][info]["WLModels~boot - Success"]
[5590][1565877934876][shared][info]["initializeConfigurationsValues - Success"]
[5590][1565877934882][shared][info]["Migrate - Bailed out due to:","FRESH_INSTALL"]
[5590][1565877934897][shared][info]["AppModels~boot - Success"]
[5590][1565877934899][shared][info]["SharedRuntimeListeners~boot - Success"]
[5590][1565877934906][shared][info]["Sync~boot - Success"]
[5590][1565877934907][shared][info]["Shared~boot - Success"]
[5590][1565877934908][shared][info]["booted - shared"]
[5590][1565877937108][shared][info]["UI pulled the session locked information on init"]
[5590][1565877988133][shared][info]["PostLoginService: Starting post login migration"]
[5590][1565877988135][shared][info]["PostLoginService: Backing up user data"]
[5590][1565877988189][shared][info]["PostLoginService: Finished backing up user data"]
[5590][1565877988191][shared][info]["PostLoginService: Creating new workspace"]
[5590][1565877988210][shared][info]["PostLoginService: Creating changesets for unsynced changes"]
[5590][1565877988222][shared][info]["PostLoginService: Changing owner in models"]
[5590][1565877988235][shared][info]["PostLoginService: Changing user id reference in models"]
[5590][1565877988238][shared][info]["PostLoginService: Changing owner id workspace dependencies"]
[5590][1565877988241][shared][info]["PostLoginService: Rewiring globals"]
[5590][1565877988257][shared][info]["PostLoginService: Rewiring variable sessions"]
[5590][1565877988260][shared][info]["PostLoginService: Updating workspace sessions"]
[5590][1565877988271][shared][info]["PostLoginService: Deleting old workspace"]
[5590][1565877989485][shared][info]["GateKeeperService~onNotificationToggle Key value toggled for Notification to true"]
[5590][1565877989487][shared][info]["GateKeeperService~onSyncToggle Key value toggled for Sync to true"]
[5590][1565877989488][shared][info]["GateKeeperService~onWebsocketToggle Key value toggled for Websocket to true"]
[5590][1565877989489][shared][warn]["SyncManagerNew~attachGateKeeperHandlers: listening to notification event",{"data":{"isEnabled":true},"name":"notification","namespace":"gatekeeper"}]
[5590][1565877989492][shared][warn]["SyncManagerNew~attachGateKeeperHandlers: listening to sync event",{"data":{"isEnabled":true},"name":"sync","namespace":"gatekeeper"}]
[5590][1565877989495][shared][warn]["SyncManagerNew~attachGateKeeperHandlers: listening to websocket event",{"data":{"isEnabled":true},"name":"websocket","namespace":"gatekeeper"}]
[5590][1565877990374][shared][info]["SyncTimelineHelper: Force stopping all timelines"]
[5590][1565877990422][shared][info]["BaseSyncTimeline~subscribe: Subscribing to real time changes for user:6562102"]
[5590][1565877990424][shared][info]["BaseSyncTimeline~_sync: Starting sync for user:6562102"]
[5590][1565877990430][shared][info]["BaseSyncTimeline~getPendingClientChanges: Starting to get pending changes for user:6562102"]
[5590][1565877990434][shared][info]["BaseSyncTimeline~getPendingClientChanges: Finished to get pending changes for user:6562102"]
[5590][1565877990442][shared][info]["BaseSyncTimeline~getPendingServerChanges: Starting /sync call for user:6562102"]
[5590][1565877990612][shared][info]["BaseSyncTimeline~getPendingServerChanges: Finished /sync call for user:6562102"]
[5590][1565877990616][shared][info]["BaseSyncTimeline~processServerChange: Started processing changeset for workspace:join:0b961da5-c426-4fb8-8c2f-dac37df6c41f Timeline:user:6562102"]
[5590][1565877990620][shared][info]["BaseSyncTimeline~subscribe: Subscribing to real time changes for workspace:0b961da5-c426-4fb8-8c2f-dac37df6c41f"]
[5590][1565877990620][shared][info]["BaseSyncTimeline~_sync: Starting sync for workspace:0b961da5-c426-4fb8-8c2f-dac37df6c41f"]
[5590][1565877990624][shared][info]["BaseSyncTimeline~processServerChange: Finished processing changeset for workspace:join:0b961da5-c426-4fb8-8c2f-dac37df6c41f Timeline:user:6562102"]
[5590][1565877990625][shared][info]["BaseSyncTimeline~processServerChange: Started processing changeset for collection:subscribe:a2877e96-a46e-4b1c-ba34-51c451219886 Timeline:user:6562102"]
[5590][1565877990629][shared][info]["BaseSyncTimeline~subscribe: Subscribing to real time changes for collection:6562102-a2877e96-a46e-4b1c-ba34-51c451219886"]
[5590][1565877990630][shared][info]["BaseSyncTimeline~_sync: Starting sync for collection:6562102-a2877e96-a46e-4b1c-ba34-51c451219886"]
[5590][1565877990632][shared][info]["BaseSyncTimeline~processServerChange: Finished processing changeset for collection:subscribe:a2877e96-a46e-4b1c-ba34-51c451219886 Timeline:user:6562102"]
[5590][1565877990635][shared][info]["BaseSyncTimeline~getPendingClientChanges: Starting to get pending changes for workspace:0b961da5-c426-4fb8-8c2f-dac37df6c41f"]
[5590][1565877990636][shared][info]["BaseSyncTimeline~getPendingClientChanges: Finished to get pending changes for workspace:0b961da5-c426-4fb8-8c2f-dac37df6c41f"]
[5590][1565877990638][shared][info]["BaseSyncTimeline~getPendingServerChanges: Starting /sync call for workspace:0b961da5-c426-4fb8-8c2f-dac37df6c41f"]
[5590][1565877990643][shared][info]["BaseSyncTimeline~getPendingClientChanges: Starting to get pending changes for collection:6562102-a2877e96-a46e-4b1c-ba34-51c451219886"]
[5590][1565877990647][shared][info]["BaseSyncTimeline~getPendingClientChanges: Finished to get pending changes for collection:6562102-a2877e96-a46e-4b1c-ba34-51c451219886"]
[5590][1565877990651][shared][info]["BaseSyncTimeline~getPendingServerChanges: Starting /sync call for collection:6562102-a2877e96-a46e-4b1c-ba34-51c451219886"]
[5590][1565877990726][shared][info]["BaseSyncTimeline~SyncFinishedObservable: Successful sync proceeding with integrity check and force sync for user:6562102"]
[5590][1565877990729][shared][info]["BaseSyncTimeline~handleIntegrityChecks: Starting integrity check for user:6562102"]
[5590][1565877990833][shared][info]["BaseSyncTimeline~getPendingServerChanges: Finished /sync call for workspace:0b961da5-c426-4fb8-8c2f-dac37df6c41f"]
[5590][1565877990837][shared][info]["BaseSyncTimeline~processServerChange: Started processing changeset for workspace:create:0b961da5-c426-4fb8-8c2f-dac37df6c41f Timeline:workspace:0b961da5-c426-4fb8-8c2f-dac37df6c41f"]
[5590][1565877990877][shared][info]["BaseSyncTimeline~processServerChange: Finished processing changeset for workspace:create:0b961da5-c426-4fb8-8c2f-dac37df6c41f Timeline:workspace:0b961da5-c426-4fb8-8c2f-dac37df6c41f"]
[5590][1565877990878][shared][info]["BaseSyncTimeline~processServerChange: Started processing changeset for globals:create:fbd063d7-003c-4cda-8493-d8b36e181963 Timeline:workspace:0b961da5-c426-4fb8-8c2f-dac37df6c41f"]
[5590][1565877990894][shared][info]["BaseSyncTimeline~getPendingServerChanges: Finished /sync call for collection:6562102-a2877e96-a46e-4b1c-ba34-51c451219886"]
[5590][1565877990896][shared][info]["BaseSyncTimeline~processServerChange: Started processing changeset for collection:import:a2877e96-a46e-4b1c-ba34-51c451219886 Timeline:collection:6562102-a2877e96-a46e-4b1c-ba34-51c451219886"]
[5590][1565877991023][shared][info]["BaseSyncTimeline~handleIntegrityChecks: Finished integrity check for user:6562102"]
[5590][1565877991025][shared][info]["BaseSyncTimeline~_handleForceSync: Bailing out of force sync for user:6562102"]
[5590][1565877991099][shared][info]["BaseSyncTimeline~processServerChange: Finished processing changeset for globals:create:fbd063d7-003c-4cda-8493-d8b36e181963 Timeline:workspace:0b961da5-c426-4fb8-8c2f-dac37df6c41f"]
[5590][1565877991135][shared][info]["BaseSyncTimeline~processServerChange: Finished processing changeset for collection:import:a2877e96-a46e-4b1c-ba34-51c451219886 Timeline:collection:6562102-a2877e96-a46e-4b1c-ba34-51c451219886"]
[5590][1565877991183][shared][info]["BaseSyncTimeline~SyncFinishedObservable: Successful sync proceeding with integrity check and force sync for workspace:0b961da5-c426-4fb8-8c2f-dac37df6c41f"]
[5590][1565877991184][shared][info]["BaseSyncTimeline~handleIntegrityChecks: Starting integrity check for workspace:0b961da5-c426-4fb8-8c2f-dac37df6c41f"]
[5590][1565877991196][shared][info]["BaseSyncTimeline~SyncFinishedObservable: Successful sync proceeding with integrity check and force sync for collection:6562102-a2877e96-a46e-4b1c-ba34-51c451219886"]
[5590][1565877991196][shared][info]["BaseSyncTimeline~handleIntegrityChecks: Starting integrity check for collection:6562102-a2877e96-a46e-4b1c-ba34-51c451219886"]
[5590][1565877991362][shared][info]["BaseSyncTimeline~handleIntegrityChecks: Finished integrity check for workspace:0b961da5-c426-4fb8-8c2f-dac37df6c41f"]
[5590][1565877991362][shared][info]["BaseSyncTimeline~_handleForceSync: Bailing out of force sync for workspace:0b961da5-c426-4fb8-8c2f-dac37df6c41f"]
[5590][1565877991449][shared][info]["BaseSyncTimeline~handleIntegrityChecks: Finished integrity check for collection:6562102-a2877e96-a46e-4b1c-ba34-51c451219886"]
[5590][1565877991450][shared][info]["BaseSyncTimeline~_handleForceSync: Starting force sync for collection:6562102-a2877e96-a46e-4b1c-ba34-51c451219886"]
[5590][1565877991451][shared][info]["BaseSyncTimeline~_handleForceSync: Finished force sync for collection:6562102-a2877e96-a46e-4b1c-ba34-51c451219886"]
[5590][1565878466189][shared][info]["RealtimeSyncMessageService~publishRealtimeOutgoingMessage: Message received history:import:ff8ea654-df57-4473-b160-f6ba908f42bc Timeline in message: workspace:0b961da5-c426-4fb8-8c2f-dac37df6c41f"]
[5590][1565878466189][shared][info]["BaseSyncTimeline~getPendingClientChanges: Starting to get pending changes for workspace:0b961da5-c426-4fb8-8c2f-dac37df6c41f"]
[5590][1565878466216][shared][info]["BaseSyncTimeline~getPendingClientChanges: Finished to get pending changes for workspace:0b961da5-c426-4fb8-8c2f-dac37df6c41f"]
[5590][1565878466216][shared][info]["BaseSyncTimeline~processClientChangesObservable: Started sending changeset for history:import:ff8ea654-df57-4473-b160-f6ba908f42bc Timeline:workspace:0b961da5-c426-4fb8-8c2f-dac37df6c41f"]
[5590][1565878466477][shared][info]["BaseSyncTimeline~processClientChangesObservable: Success for sending changeset for history:import:ff8ea654-df57-4473-b160-f6ba908f42bc Timeline:workspace:0b961da5-c426-4fb8-8c2f-dac37df6c41f"]
[5590][1565878590778][shared][info]["RealtimeSyncMessageService~publishRealtimeOutgoingMessage: Message received collection:import:7ba7e726-4ee9-4572-9f13-b9c9562516b8 Timeline in message: collection:6562102-7ba7e726-4ee9-4572-9f13-b9c9562516b8"]
[5590][1565878590779][shared][info]["RealtimeSyncMessageService~publishRealtimeOutgoingMessage: Message received workspace:update:0b961da5-c426-4fb8-8c2f-dac37df6c41f Timeline in message: workspace:0b961da5-c426-4fb8-8c2f-dac37df6c41f"]
[5590][1565878590780][shared][info]["BaseSyncTimeline~getPendingClientChanges: Starting to get pending changes for workspace:0b961da5-c426-4fb8-8c2f-dac37df6c41f"]
[5590][1565878590819][shared][info]["BaseSyncTimeline~subscribe: Subscribing to real time changes for collection:6562102-7ba7e726-4ee9-4572-9f13-b9c9562516b8"]
[5590][1565878590820][shared][info]["BaseSyncTimeline~_sync: Starting sync for collection:6562102-7ba7e726-4ee9-4572-9f13-b9c9562516b8"]
[5590][1565878590846][shared][info]["BaseSyncTimeline~getPendingClientChanges: Starting to get pending changes for collection:6562102-7ba7e726-4ee9-4572-9f13-b9c9562516b8"]
[5590][1565878590895][shared][info]["BaseSyncTimeline~getPendingClientChanges: Finished to get pending changes for workspace:0b961da5-c426-4fb8-8c2f-dac37df6c41f"]
[5590][1565878590899][shared][info]["BaseSyncTimeline~processClientChangesObservable: Started sending changeset for workspace:update:0b961da5-c426-4fb8-8c2f-dac37df6c41f Timeline:workspace:0b961da5-c426-4fb8-8c2f-dac37df6c41f"]
[5590][1565878590932][shared][info]["BaseSyncTimeline~getPendingClientChanges: Finished to get pending changes for collection:6562102-7ba7e726-4ee9-4572-9f13-b9c9562516b8"]
[5590][1565878590937][shared][info]["BaseSyncTimeline~processClientChangesObservable: Started sending changeset for collection:import:7ba7e726-4ee9-4572-9f13-b9c9562516b8 Timeline:collection:6562102-7ba7e726-4ee9-4572-9f13-b9c9562516b8"]
[5590][1565878590953][shared][info]["BaseSyncTimeline~processClientChangesObservable: Success for sending changeset for workspace:update:0b961da5-c426-4fb8-8c2f-dac37df6c41f Timeline:workspace:0b961da5-c426-4fb8-8c2f-dac37df6c41f"]
[5590][1565878591204][shared][info]["BaseSyncTimeline~processClientChangesObservable: Success for sending changeset for collection:import:7ba7e726-4ee9-4572-9f13-b9c9562516b8 Timeline:collection:6562102-7ba7e726-4ee9-4572-9f13-b9c9562516b8"]
[5590][1565878591216][shared][info]["BaseSyncTimeline~SyncFinishedObservable: Successful sync proceeding with integrity check and force sync for collection:6562102-7ba7e726-4ee9-4572-9f13-b9c9562516b8"]
[5590][1565878591218][shared][info]["BaseSyncTimeline~handleIntegrityChecks: Starting integrity check for collection:6562102-7ba7e726-4ee9-4572-9f13-b9c9562516b8"]
[5590][1565878591391][shared][info]["BaseSyncTimeline~handleIntegrityChecks: Finished integrity check for collection:6562102-7ba7e726-4ee9-4572-9f13-b9c9562516b8"]
[5590][1565878591391][shared][info]["BaseSyncTimeline~_handleForceSync: Starting force sync for collection:6562102-7ba7e726-4ee9-4572-9f13-b9c9562516b8"]
[5590][1565878591392][shared][info]["BaseSyncTimeline~_handleForceSync: Finished force sync for collection:6562102-7ba7e726-4ee9-4572-9f13-b9c9562516b8"]
[5590][1565878594934][shared][info]["BaseSyncTimeline~subscribe: Subscribing to real time changes for collection:6562102-7ba7e726-4ee9-4572-9f13-b9c9562516b8"]
[5590][1565878594935][shared][info]["BaseSyncTimeline~_sync: Starting sync for collection:6562102-7ba7e726-4ee9-4572-9f13-b9c9562516b8"]
[5590][1565878594940][shared][info]["BaseSyncTimeline~getPendingClientChanges: Starting to get pending changes for collection:6562102-7ba7e726-4ee9-4572-9f13-b9c9562516b8"]
[5590][1565878594941][shared][info]["BaseSyncTimeline~getPendingClientChanges: Finished to get pending changes for collection:6562102-7ba7e726-4ee9-4572-9f13-b9c9562516b8"]
[5590][1565878594942][shared][info]["BaseSyncTimeline~getPendingServerChanges: Starting /sync call for collection:6562102-7ba7e726-4ee9-4572-9f13-b9c9562516b8"]
[5590][1565878595174][shared][info]["BaseSyncTimeline~SyncFinishedObservable: Successful sync proceeding with integrity check and force sync for collection:6562102-7ba7e726-4ee9-4572-9f13-b9c9562516b8"]
[5590][1565878595176][shared][info]["BaseSyncTimeline~handleIntegrityChecks: Bailed out integrity check for collection:6562102-7ba7e726-4ee9-4572-9f13-b9c9562516b8"]
[5590][1565878595176][shared][info]["BaseSyncTimeline~_handleForceSync: Starting force sync for collection:6562102-7ba7e726-4ee9-4572-9f13-b9c9562516b8"]
[5590][1565878595177][shared][info]["BaseSyncTimeline~_handleForceSync: Finished force sync for collection:6562102-7ba7e726-4ee9-4572-9f13-b9c9562516b8"]
[5590][1565878601523][shared][info]["RealtimeSyncMessageService~publishRealtimeOutgoingMessage: Message received history:import:cb0d6fe0-27a4-49f8-a071-f0e39c040aca Timeline in message: workspace:0b961da5-c426-4fb8-8c2f-dac37df6c41f"]
[5590][1565878601523][shared][info]["BaseSyncTimeline~getPendingClientChanges: Starting to get pending changes for workspace:0b961da5-c426-4fb8-8c2f-dac37df6c41f"]
[5590][1565878601532][shared][info]["BaseSyncTimeline~getPendingClientChanges: Finished to get pending changes for workspace:0b961da5-c426-4fb8-8c2f-dac37df6c41f"]
[5590][1565878601533][shared][info]["BaseSyncTimeline~processClientChangesObservable: Started sending changeset for history:import:cb0d6fe0-27a4-49f8-a071-f0e39c040aca Timeline:workspace:0b961da5-c426-4fb8-8c2f-dac37df6c41f"]
[5590][1565878601940][shared][info]["BaseSyncTimeline~processClientChangesObservable: Success for sending changeset for history:import:cb0d6fe0-27a4-49f8-a071-f0e39c040aca Timeline:workspace:0b961da5-c426-4fb8-8c2f-dac37df6c41f"]
[5590][1565878629839][shared][info]["RealtimeSyncMessageService~publishRealtimeOutgoingMessage: Message received request:import:9fcfc475-d1e3-4f3a-9ec5-473ff5f35a22 Timeline in message: collection:6562102-7ba7e726-4ee9-4572-9f13-b9c9562516b8"]
[5590][1565878629840][shared][info]["BaseSyncTimeline~getPendingClientChanges: Starting to get pending changes for collection:6562102-7ba7e726-4ee9-4572-9f13-b9c9562516b8"]
[5590][1565878629841][shared][info]["RealtimeSyncMessageService~publishRealtimeOutgoingMessage: Message received collection:update:7ba7e726-4ee9-4572-9f13-b9c9562516b8 Timeline in message: collection:6562102-7ba7e726-4ee9-4572-9f13-b9c9562516b8"]
[5590][1565878629886][shared][info]["BaseSyncTimeline~getPendingClientChanges: Finished to get pending changes for collection:6562102-7ba7e726-4ee9-4572-9f13-b9c9562516b8"]
[5590][1565878629889][shared][info]["BaseSyncTimeline~processClientChangesObservable: Started sending changeset for request:import:9fcfc475-d1e3-4f3a-9ec5-473ff5f35a22 Timeline:collection:6562102-7ba7e726-4ee9-4572-9f13-b9c9562516b8"]
[5590][1565878630287][shared][info]["BaseSyncTimeline~processClientChangesObservable: Success for sending changeset for request:import:9fcfc475-d1e3-4f3a-9ec5-473ff5f35a22 Timeline:collection:6562102-7ba7e726-4ee9-4572-9f13-b9c9562516b8"]
[5590][1565878630288][shared][info]["BaseSyncTimeline~processClientChangesObservable: Started sending changeset for collection:update:7ba7e726-4ee9-4572-9f13-b9c9562516b8 Timeline:collection:6562102-7ba7e726-4ee9-4572-9f13-b9c9562516b8"]
[5590][1565878630535][shared][info]["BaseSyncTimeline~processClientChangesObservable: Success for sending changeset for collection:update:7ba7e726-4ee9-4572-9f13-b9c9562516b8 Timeline:collection:6562102-7ba7e726-4ee9-4572-9f13-b9c9562516b8"]
[5590][1565878630600][shared][info]["BaseSyncTimeline~getPendingClientChanges: Starting to get pending changes for collection:6562102-7ba7e726-4ee9-4572-9f13-b9c9562516b8"]
[5590][1565878630603][shared][info]["BaseSyncTimeline~getPendingClientChanges: Finished to get pending changes for collection:6562102-7ba7e726-4ee9-4572-9f13-b9c9562516b8"]
[5590][1565878637138][shared][info]["RealtimeSyncMessageService~publishRealtimeOutgoingMessage: Message received history:import:212fefda-73ed-485c-a236-443c4e1847fb Timeline in message: workspace:0b961da5-c426-4fb8-8c2f-dac37df6c41f"]
[5590][1565878637139][shared][info]["BaseSyncTimeline~getPendingClientChanges: Starting to get pending changes for workspace:0b961da5-c426-4fb8-8c2f-dac37df6c41f"]
[5590][1565878637152][shared][info]["BaseSyncTimeline~getPendingClientChanges: Finished to get pending changes for workspace:0b961da5-c426-4fb8-8c2f-dac37df6c41f"]
[5590][1565878637153][shared][info]["BaseSyncTimeline~processClientChangesObservable: Started sending changeset for history:import:212fefda-73ed-485c-a236-443c4e1847fb Timeline:workspace:0b961da5-c426-4fb8-8c2f-dac37df6c41f"]
[5590][1565878637471][shared][info]["BaseSyncTimeline~processClientChangesObservable: Success for sending changeset for history:import:212fefda-73ed-485c-a236-443c4e1847fb Timeline:workspace:0b961da5-c426-4fb8-8c2f-dac37df6c41f"]
