[5590][1565877936398][requester][info]["EventBus~initialize - Success"]
[5590][1565877936400][requester][info]["Messaging~boot - Success"]
[5590][1565877936412][requester][info]["bootCrashReporter~ Success"]
[5590][1565877936413][requester][info]["Telemetry~boot - Success"]
[5590][1565877936414][requester][info]["bootConfigurations~initialize - Success"]
[5590][1565877936415][requester][info]["Settings~boot - Success"]
[5590][1565877936458][requester][info]["bootstrapModels - Success"]
[5590][1565877936458][requester][info]["WLModels~boot - Success"]
[5590][1565877936497][requester][info]["Session~boot - Success"]
[5590][1565877936500][requester][info]["IndependentServices~boot - Success"]
[5590][1565877936512][requester][info]["AppModels~boot - Success"]
[5590][1565877936512][requester][info]["RuntimeListeners~boot- Success"]
[5590][1565877936512][requester][info]["DBWatcher~boot - Success"]
[5590][1565877936514][requester][info]["ThemeManager~boot - Success"]
[5590][1565877936514][requester][info]["InAppMessaging~boot - Success"]
[5590][1565877936514][requester][info]["Store~boot - Success"]
[5590][1565877936515][requester][info]["Shortcuts~boot - Success"]
[5590][1565877936516][requester][info]["SyncProxy~boot - Success"]
[5590][1565877936527][requester][info]["Requester~boot - Success"]
[5590][1565877936528][requester][info]["booted - requester"]
[5590][1565877988341][requester][warn]["APIDevService~getAPIs: Failed to get APIs.",{"error":{"message":"SyncRequestService\\x7erequestListener: Could not fetch from sync. Socket not connected."}}]
[5590][1565877988342][requester][warn]["Failed to refresh API List",{"error":{"message":"SyncRequestService\\x7erequestListener: Could not fetch from sync. Socket not connected."}}]
